<?xml version="1.0" encoding="UTF-8"?>
<!-- Generated by org.testng.reporters.JUnitReportReporter -->
<testsuite hostname="DESKTOP-C2I0Q31" failures="0" tests="1" name="com.pa.qa.testcases.ChromeTest" time="30.461" errors="0" timestamp="05 Apr 2020 14:30:21 GMT" skipped="0">
  <testcase classname="com.pa.qa.testcases.ChromeTest" name="chromeTest" time="30.461"/>
</testsuite> <!-- com.pa.qa.testcases.ChromeTest -->
