<?xml version="1.0" encoding="UTF-8"?>
<!-- Generated by org.testng.reporters.JUnitReportReporter -->
<testsuite hostname="DESKTOP-C2I0Q31" failures="0" tests="3" name="com.pa.qa.testcases.HomePageTest" time="337.405" errors="0" timestamp="05 Apr 2020 14:09:53 GMT" skipped="0">
  <testcase classname="com.pa.qa.testcases.HomePageTest" name="HomePageSlidesTest" time="99.800"/>
  <testcase classname="com.pa.qa.testcases.HomePageTest" name="HomePageArrivalsTest" time="103.494"/>
  <testcase classname="com.pa.qa.testcases.HomePageTest" name="HomePageNewArrivalsNavigateTest" time="134.111"/>
</testsuite> <!-- com.pa.qa.testcases.HomePageTest -->
